<?xml version="1.0" encoding="UTF-8" ?>
<testsuite tests="8" failures="0" name="CucumberTest" time="2.815" errors="0" skipped="0">
  <properties>
    <property name="java.runtime.name" value="Java(TM) SE Runtime Environment"/>
    <property name="java.vm.version" value="13.0.2+8"/>
    <property name="sun.boot.library.path" value="D:\Cours DTU\Year 2 2019-20120\Software Development\jdk-13.0.2\bin"/>
    <property name="maven.multiModuleProjectDirectory" value="C:\Users\Miguel\eclipse-workspace\Version_1"/>
    <property name="java.vm.vendor" value="Oracle Corporation"/>
    <property name="java.vendor.url" value="https://java.oracle.com/"/>
    <property name="guice.disable.misplaced.annotation.check" value="true"/>
    <property name="path.separator" value=";"/>
    <property name="java.vm.name" value="Java HotSpot(TM) 64-Bit Server VM"/>
    <property name="sun.os.patch.level" value=""/>
    <property name="user.script" value=""/>
    <property name="user.country" value="BE"/>
    <property name="sun.java.launcher" value="SUN_STANDARD"/>
    <property name="java.vm.specification.name" value="Java Virtual Machine Specification"/>
    <property name="user.dir" value="C:\Users\Miguel\eclipse-workspace\Version_1"/>
    <property name="java.vm.compressedOopsMode" value="32-bit"/>
    <property name="java.runtime.version" value="13.0.2+8"/>
    <property name="os.arch" value="amd64"/>
    <property name="java.io.tmpdir" value="C:\Users\Miguel\AppData\Local\Temp\"/>
    <property name="line.separator" value="
"/>
    <property name="java.vm.specification.vendor" value="Oracle Corporation"/>
    <property name="user.variant" value=""/>
    <property name="os.name" value="Windows 10"/>
    <property name="classworlds.conf" value="C:\Users\Miguel\eclipse-workspace\.metadata\.plugins\org.eclipse.m2e.launching\launches\m2conf3605335180856343844.tmp"/>
    <property name="sun.jnu.encoding" value="Cp1252"/>
    <property name="java.library.path" value="D:\Cours DTU\Year 2 2019-20120\Software Development\jdk-13.0.2\bin;C:\WINDOWS\Sun\Java\bin;C:\WINDOWS\system32;C:\WINDOWS;D:/Cours DTU/Year 2 2019-20120/Software Development/jdk-13.0.2/bin/server;D:/Cours DTU/Year 2 2019-20120/Software Development/jdk-13.0.2/bin;D:\Cours DTU\Year 2 2019-20120\Software Development\jdk-13.0.2\bin;C:\Users\Miguel\AppData\Local\Microsoft\WindowsApps;C:\Users\Miguel\AppData\Local\Programs\MiKTeX 2.9\miktex\bin\x64\;C:\Users\Miguel\AppData\Local\atom\bin;;C:\Users\Miguel\AppData\Local\Programs\Microsoft VS Code\bin;C:\WINDOWS\System32;;."/>
    <property name="jdk.debug" value="release"/>
    <property name="java.class.version" value="57.0"/>
    <property name="java.specification.name" value="Java Platform API Specification"/>
    <property name="sun.management.compiler" value="HotSpot 64-Bit Tiered Compilers"/>
    <property name="os.version" value="10.0"/>
    <property name="user.home" value="C:\Users\Miguel"/>
    <property name="user.timezone" value="Europe/Brussels"/>
    <property name="file.encoding" value="Cp1252"/>
    <property name="java.specification.version" value="13"/>
    <property name="user.name" value="Miguel"/>
    <property name="java.class.path" value="C:\Users\Miguel\.p2\pool\plugins\org.eclipse.m2e.maven.runtime_1.14.0.20191209-1923\jars\plexus-classworlds-2.6.0.jar"/>
    <property name="java.vm.specification.version" value="13"/>
    <property name="sun.arch.data.model" value="64"/>
    <property name="sun.java.command" value="org.codehaus.plexus.classworlds.launcher.Launcher -B test"/>
    <property name="java.home" value="D:\Cours DTU\Year 2 2019-20120\Software Development\jdk-13.0.2"/>
    <property name="user.language" value="fr"/>
    <property name="java.specification.vendor" value="Oracle Corporation"/>
    <property name="java.vm.info" value="mixed mode, sharing"/>
    <property name="java.version" value="13.0.2"/>
    <property name="java.vendor" value="Oracle Corporation"/>
    <property name="maven.home" value="C:\Users\Miguel\eclipse-workspace\Version_1\EMBEDDED"/>
    <property name="file.separator" value="\"/>
    <property name="java.version.date" value="2020-01-14"/>
    <property name="java.vendor.url.bug" value="https://bugreport.java.com/bugreport/"/>
    <property name="sun.io.unicode.encoding" value="UnicodeLittle"/>
    <property name="sun.cpu.endian" value="little"/>
    <property name="sun.cpu.isalist" value="amd64"/>
  </properties>
  <testcase classname="Client updates client information" name="The client updates an information that can be changed" time="2.401"/>
  <testcase classname="Company find client" name="The company uses the criteria from an existing client without filter" time="0.106"/>
  <testcase classname="Company find client" name="The company uses criteria that do not exist, without filter" time="0.044"/>
  <testcase classname="Company find client" name="The company uses the criteria from an existing client with a filter" time="0.071"/>
  <testcase classname="Company registers new clients" name="The company gives all information about the client" time="0.041"/>
  <testcase classname="Company registers new clients" name="The company does not give all information about the client" time="0.039"/>
  <testcase classname="Company registers new clients" name="The company does not give the name of the client" time="0.085"/>
  <testcase classname="Company registers new clients" name="The company registers an already registered client" time="0.028"/>
</testsuite>