<?xml version="1.0" encoding="UTF-8" ?>
<testsuite tests="30" failures="0" name="CucumberTest" time="0.509" errors="0" skipped="0">
  <properties>
    <property name="java.runtime.name" value="OpenJDK Runtime Environment"/>
    <property name="java.vm.version" value="14.0.1+7"/>
    <property name="sun.boot.library.path" value="C:\Users\Mihai_2\.jdks\openjdk-14.0.1\bin"/>
    <property name="maven.multiModuleProjectDirectory" value="E:\DTU\Year2\Sem2\02160 Agile Object-oriented Software Development\02160Project"/>
    <property name="java.vm.vendor" value="Oracle Corporation"/>
    <property name="java.vendor.url" value="https://java.oracle.com/"/>
    <property name="guice.disable.misplaced.annotation.check" value="true"/>
    <property name="path.separator" value=";"/>
    <property name="java.vm.name" value="OpenJDK 64-Bit Server VM"/>
    <property name="sun.os.patch.level" value=""/>
    <property name="user.script" value=""/>
    <property name="user.country" value="US"/>
    <property name="sun.java.launcher" value="SUN_STANDARD"/>
    <property name="java.vm.specification.name" value="Java Virtual Machine Specification"/>
    <property name="user.dir" value="E:\DTU\Year2\Sem2\02160 Agile Object-oriented Software Development\02160Project"/>
    <property name="java.vm.compressedOopsMode" value="Zero based"/>
    <property name="java.runtime.version" value="14.0.1+7"/>
    <property name="os.arch" value="amd64"/>
    <property name="java.io.tmpdir" value="C:\Users\Mihai_2\AppData\Local\Temp\"/>
    <property name="line.separator" value="
"/>
    <property name="java.vm.specification.vendor" value="Oracle Corporation"/>
    <property name="user.variant" value=""/>
    <property name="os.name" value="Windows 10"/>
    <property name="maven.ext.class.path" value="C:\Program Files\JetBrains\IntelliJ IDEA 2019.3.2\plugins\maven\lib\maven-event-listener.jar"/>
    <property name="classworlds.conf" value="C:\Program Files\JetBrains\IntelliJ IDEA 2019.3.2\plugins\maven\lib\maven3\bin\m2.conf"/>
    <property name="sun.jnu.encoding" value="Cp1252"/>
    <property name="java.library.path" value="C:\Users\Mihai_2\.jdks\openjdk-14.0.1\bin;C:\WINDOWS\Sun\Java\bin;C:\WINDOWS\system32;C:\WINDOWS;C:\Program Files\Java\jdk-13.0.2\bin;C:\Program Files (x86)\Common Files\Oracle\Java\javapath;C:\Program Files\NVIDIA GPU Computing Toolkit\CUDA\v10.1\bin;C:\Program Files\NVIDIA GPU Computing Toolkit\CUDA\v10.1\libnvvp;C:\windows\system32;C:\windows;C:\windows\System32\Wbem;C:\windows\System32\WindowsPowerShell\v1.0\;C:\windows\System32\OpenSSH\;C:\Program Files (x86)\NVIDIA Corporation\PhysX\Common;C:\Program Files\Intel\WiFi\bin\;C:\Program Files\Common Files\Intel\WirelessCommon\;C:\WINDOWS\system32;C:\WINDOWS;C:\WINDOWS\System32\Wbem;C:\WINDOWS\System32\WindowsPowerShell\v1.0\;C:\WINDOWS\System32\OpenSSH\;C:\Program Files (x86)\Intel\Intel(R) Management Engine Components\DAL;C:\Program Files\Intel\Intel(R) Management Engine Components\DAL;C:\Program Files (x86)\Microsoft SQL Server\150\DTS\Binn\;C:\Program Files\Microsoft SQL Server\Client SDK\ODBC\130\Tools\Binn\;C:\Program Files (x86)\Microsoft SQL Server\140\Tools\Binn\;C:\Program Files\Microsoft SQL Server\140\Tools\Binn\;C:\Program Files\Microsoft SQL Server\140\DTS\Binn\;C:\Program Files\dotnet\;C:\Program Files\Microsoft SQL Server\130\Tools\Binn\;C:\Program Files\NVIDIA Corporation\Nsight Compute 2019.4.0\;C:\Program Files\NVIDIA Corporation\NVIDIA NvDLISR;C:\Program Files\nodejs\;C:\Program Files\JetBrains\IntelliJ IDEA 2019.3.2\bin;C:\Gradle\gradle-6.0.1\bin;C:\Users\Mihai_2\AppData\Local\Android\Sdk;C:\Program Files\Java\jdk-11.0.6+10\bin;C:\Program Files\Java\jdk-11.0.6\bin;C:\ProgramData\chocolatey\bin;C:\WINDOWS\system32\config\systemprofile\AppData\Local\atom\app-1.45.0;C:\Users\Mihai_2\AppData\Local\atom\app-1.45.0\atom.exe;C:\Program Files\Git\cmd;C:\Program Files\MySQL\MySQL Shell 8.0\bin\;C:\Program Files\Java\jdk-13.0.2\bin;C:\Users\Mihai_2\AppData\Local\Microsoft\WindowsApps;C:\Users\Mihai_2\AppData\Local\GitHubDesktop\bin;C:\Users\Mihai_2\AppData\Roaming\npm;%IntelliJ IDEA Community Edition%;C:\Program Files\JetBrains\IntelliJ IDEA 2019.3.2\bin;C:\Program Files\JetBrains\JetBrains Rider 2019.3.1\bin;C:\Program Files\Java\jdk-11.0.6\bin;C:\Users\Mihai_2\AppData\Local\atom\bin;."/>
    <property name="maven.conf" value="C:\Program Files\JetBrains\IntelliJ IDEA 2019.3.2\plugins\maven\lib\maven3/conf"/>
    <property name="jdk.debug" value="release"/>
    <property name="java.class.version" value="58.0"/>
    <property name="java.specification.name" value="Java Platform API Specification"/>
    <property name="sun.management.compiler" value="HotSpot 64-Bit Tiered Compilers"/>
    <property name="os.version" value="10.0"/>
    <property name="user.home" value="C:\Users\Mihai_2"/>
    <property name="user.timezone" value="Europe/Paris"/>
    <property name="file.encoding" value="UTF-8"/>
    <property name="java.specification.version" value="14"/>
    <property name="user.name" value="Mihai"/>
    <property name="java.class.path" value="C:\Program Files\JetBrains\IntelliJ IDEA 2019.3.2\plugins\maven\lib\maven3\boot\plexus-classworlds-2.6.0.jar;C:\Program Files\JetBrains\IntelliJ IDEA 2019.3.2\plugins\maven\lib\maven3\boot\plexus-classworlds.license"/>
    <property name="java.vm.specification.version" value="14"/>
    <property name="sun.arch.data.model" value="64"/>
    <property name="sun.java.command" value="org.codehaus.classworlds.Launcher -Didea.version2020.1.1 package"/>
    <property name="java.home" value="C:\Users\Mihai_2\.jdks\openjdk-14.0.1"/>
    <property name="user.language" value="en"/>
    <property name="java.specification.vendor" value="Oracle Corporation"/>
    <property name="idea.version2020.1.1" value="true"/>
    <property name="java.vm.info" value="mixed mode, sharing"/>
    <property name="java.version" value="14.0.1"/>
    <property name="java.vendor" value="Oracle Corporation"/>
    <property name="maven.home" value="C:\Program Files\JetBrains\IntelliJ IDEA 2019.3.2\plugins\maven\lib\maven3"/>
    <property name="file.separator" value="\"/>
    <property name="java.version.date" value="2020-04-14"/>
    <property name="java.vendor.url.bug" value="https://bugreport.java.com/bugreport/"/>
    <property name="sun.io.unicode.encoding" value="UnicodeLittle"/>
    <property name="sun.cpu.endian" value="little"/>
    <property name="sun.cpu.isalist" value="amd64"/>
  </properties>
  <testcase classname="Client Find Journey" name="The client uses the criteria from an existing journey without filter" time="0.283"/>
  <testcase classname="Client Find Journey" name="The client uses criteria that do not exist, without filter" time="0.029"/>
  <testcase classname="Client Find Journey" name="The client uses the criteria from an existing journey with a filter" time="0.011"/>
  <testcase classname="User registers containers" name="The client does not give all of the container&apos;s journey" time="0.009"/>
  <testcase classname="User registers containers" name="The client gives all information about the container&apos;s journey, chooses a container that is availble at the port of origin." time="0.008"/>
  <testcase classname="User registers containers" name="The client gives all information about the container&apos;s journey, chooses a new container when there is availble ones at the port of origin." time="0.006"/>
  <testcase classname="User registers containers" name="The client gives all information about the container&apos;s journey, chooses a new container when there is no availble ones at the port of origin." time="0.006"/>
  <testcase classname="Retrieve measurements about the container internal status" name="Retrieve measurements from the system" time="0.006"/>
  <testcase classname="Client updates client information" name="The client updates an information that can be changed" time="0.015"/>
  <testcase classname="Company find client" name="The company uses the criteria from an existing client without filter" time="0.007"/>
  <testcase classname="Company find client" name="The company uses criteria that do not exist, without filter" time="0.009"/>
  <testcase classname="Company find client" name="The company uses the criteria from an existing client with a filter" time="0.008"/>
  <testcase classname="Company registers new clients" name="The company gives all information about the client" time="0.009"/>
  <testcase classname="Company registers new clients" name="The company does not give all information about the client" time="0.008"/>
  <testcase classname="Company registers new clients" name="The company does not give the name of the client" time="0.007"/>
  <testcase classname="Company registers new clients" name="The company registers an already registered client" time="0.009"/>
  <testcase classname="Add measurements about the container’s internal status" name="Update measurements about the container’s internal status" time="0.004"/>
  <testcase classname="Company updates journey information" name="The company updates the current position" time="0.004"/>
  <testcase classname="Company updates journey information" name="The company updates the current position" time="0.005"/>
  <testcase classname="Loggin in the application" name="Company succesfull first log-in" time="0.005"/>
  <testcase classname="Loggin in the application" name="Company succesfull regular log-in" time="0.004"/>
  <testcase classname="Loggin in the application" name="Company not log-in (wrong password)" time="0.004"/>
  <testcase classname="Loggin in the application" name="Company not succesfull log-in (wrong username)" time="0.004"/>
  <testcase classname="Loggin in the application" name="Client succesfull log-in (name)" time="0.012"/>
  <testcase classname="Loggin in the application" name="Client not succesfull log-in (wrong password)" time="0.005"/>
  <testcase classname="Loggin in the application" name="Client not succesfull log-in (wrong name)" time="0.011"/>
  <testcase classname="Retrieve info about each container" name="Retrieve data about the internal status" time="0.006"/>
  <testcase classname="Retrieve info about each container" name="Retrieve data from the journey evolution" time="0.005"/>
  <testcase classname="Track each container" name="Tracking the internal status" time="0.004"/>
  <testcase classname="Track each container" name="Tracking the journey" time="0.006"/>
</testsuite>